<?xml version="1.0" encoding="UTF-8"?>
<!-- Generated by org.testng.reporters.JUnitReportReporter -->
<testsuite hostname="DESKTOP-VUMGMG2" failures="0" tests="2" name="Selenium.Project" time="6.315" errors="0" timestamp="2024-10-04T17:39:07 IST" skipped="0">
  <testcase classname="Selenium.Project" name="demo" time="0.008"/>
  <system-out/>
  <testcase classname="Selenium.Project" name="mainPage" time="6.307"/>
  <system-out/>
</testsuite> <!-- Selenium.Project -->
